Using pre-set license
Built from '2021.3/staging' branch; Version is '2021.3.9f1 (ad3870b89536) revision 11352176'; Using compiler version '192829333'; Build Type 'Release'
OS: 'Windows 10  (10.0.19045) 64bit Core' Language: 'en' Physical Memory: 16222 MB
BatchMode: 1, IsHumanControllingUs: 0, StartBugReporterOnCrash: 0, Is64bit: 1, IsPro: 1

COMMAND LINE ARGUMENTS:
C:\Program Files\Unity 2021.3.9f1\Editor\Unity.exe
-adb2
-batchMode
-noUpm
-name
AssetImportWorker0
-projectPath
C:/Users/lilsh/3D Objects/CubethonMultiplayer/CubethonMultiplayer
-logFile
Logs/AssetImportWorker0.log
-srvPort
63752
Successfully changed project path to: C:/Users/lilsh/3D Objects/CubethonMultiplayer/CubethonMultiplayer
C:/Users/lilsh/3D Objects/CubethonMultiplayer/CubethonMultiplayer
[UnityMemory] Configuration Parameters - Can be set up in boot.config
    "memorysetup-bucket-allocator-granularity=16"
    "memorysetup-bucket-allocator-bucket-count=8"
    "memorysetup-bucket-allocator-block-size=33554432"
    "memorysetup-bucket-allocator-block-count=8"
    "memorysetup-main-allocator-block-size=16777216"
    "memorysetup-thread-allocator-block-size=16777216"
    "memorysetup-gfx-main-allocator-block-size=16777216"
    "memorysetup-gfx-thread-allocator-block-size=16777216"
    "memorysetup-cache-allocator-block-size=4194304"
    "memorysetup-typetree-allocator-block-size=2097152"
    "memorysetup-profiler-bucket-allocator-granularity=16"
    "memorysetup-profiler-bucket-allocator-bucket-count=8"
    "memorysetup-profiler-bucket-allocator-block-size=33554432"
    "memorysetup-profiler-bucket-allocator-block-count=8"
    "memorysetup-profiler-allocator-block-size=16777216"
    "memorysetup-profiler-editor-allocator-block-size=1048576"
    "memorysetup-temp-allocator-size-main=16777216"
    "memorysetup-job-temp-allocator-block-size=2097152"
    "memorysetup-job-temp-allocator-block-size-background=1048576"
    "memorysetup-job-temp-allocator-reduction-small-platforms=262144"
    "memorysetup-temp-allocator-size-background-worker=32768"
    "memorysetup-temp-allocator-size-job-worker=262144"
    "memorysetup-temp-allocator-size-preload-manager=33554432"
    "memorysetup-temp-allocator-size-nav-mesh-worker=65536"
    "memorysetup-temp-allocator-size-audio-worker=65536"
    "memorysetup-temp-allocator-size-cloud-worker=32768"
    "memorysetup-temp-allocator-size-gi-baking-worker=262144"
    "memorysetup-temp-allocator-size-gfx=262144"
Refreshing native plugins compatible for Editor in 76.86 ms, found 3 plugins.
Preloading 0 native plugins for Editor in 0.00 ms.
Initialize engine version: 2021.3.9f1 (ad3870b89536)
[Subsystems] Discovering subsystems at path C:/Program Files/Unity 2021.3.9f1/Editor/Data/Resources/UnitySubsystems
[Subsystems] Discovering subsystems at path C:/Users/lilsh/3D Objects/CubethonMultiplayer/CubethonMultiplayer/Assets
GfxDevice: creating device client; threaded=0; jobified=0
Direct3D:
    Version:  Direct3D 11.0 [level 11.1]
    Renderer: NVIDIA GeForce RTX 2070 Super with Max-Q Design (ID=0x1e91)
    Vendor:   NVIDIA
    VRAM:     8012 MB
    Driver:   31.0.15.1748
Initialize mono
Mono path[0] = 'C:/Program Files/Unity 2021.3.9f1/Editor/Data/Managed'
Mono path[1] = 'C:/Program Files/Unity 2021.3.9f1/Editor/Data/MonoBleedingEdge/lib/mono/unityjit-win32'
Mono config path = 'C:/Program Files/Unity 2021.3.9f1/Editor/Data/MonoBleedingEdge/etc'
Using monoOptions --debugger-agent=transport=dt_socket,embedding=1,server=y,suspend=n,address=127.0.0.1:56832
Begin MonoManager ReloadAssembly
Registering precompiled unity dll's ...
Register platform support module: C:/Program Files/Unity 2021.3.9f1/Editor/Data/PlaybackEngines/WebGLSupport/UnityEditor.WebGL.Extensions.dll
Register platform support module: C:/Program Files/Unity 2021.3.9f1/Editor/Data/PlaybackEngines/WindowsStandaloneSupport/UnityEditor.WindowsStandalone.Extensions.dll
Registered in 0.057793 seconds.
Native extension for WindowsStandalone target not found
Native extension for WebGL target not found
Refreshing native plugins compatible for Editor in 71.94 ms, found 3 plugins.
Preloading 0 native plugins for Editor in 0.00 ms.
Mono: successfully reloaded assembly
- Completed reload, in  0.810 seconds
Domain Reload Profiling:
	ReloadAssembly (811ms)
		BeginReloadAssembly (76ms)
			ExecutionOrderSort (0ms)
			DisableScriptedObjects (0ms)
			BackupInstance (0ms)
			ReleaseScriptingObjects (0ms)
			CreateAndSetChildDomain (1ms)
		EndReloadAssembly (534ms)
			LoadAssemblies (74ms)
			RebuildTransferFunctionScriptingTraits (0ms)
			SetupTypeCache (152ms)
			ReleaseScriptCaches (0ms)
			RebuildScriptCaches (40ms)
			SetupLoadedEditorAssemblies (266ms)
				LogAssemblyErrors (0ms)
				InitializePlatformSupportModulesInManaged (10ms)
				SetLoadedEditorAssemblies (0ms)
				RefreshPlugins (72ms)
				BeforeProcessingInitializeOnLoad (1ms)
				ProcessInitializeOnLoadAttributes (134ms)
				ProcessInitializeOnLoadMethodAttributes (49ms)
				AfterProcessingInitializeOnLoad (0ms)
				EditorAssembliesLoaded (0ms)
			ExecutionOrderSort2 (0ms)
			AwakeInstancesAfterBackupRestoration (0ms)
Platform modules already initialized, skipping
Registering precompiled user dll's ...
Registered in 0.007777 seconds.
Begin MonoManager ReloadAssembly
Symbol file LoadedFromMemory doesn't match image C:\Users\lilsh\3D Objects\CubethonMultiplayer\CubethonMultiplayer\Library\PackageCache\com.unity.visualscripting@1.7.8\Editor\VisualScripting.Core\Dependencies\YamlDotNet\Unity.VisualScripting.YamlDotNet.dll
Symbol file LoadedFromMemory doesn't match image C:\Users\lilsh\3D Objects\CubethonMultiplayer\CubethonMultiplayer\Library\PackageCache\com.unity.visualscripting@1.7.8\Editor\VisualScripting.Core\Dependencies\DotNetZip\Unity.VisualScripting.IonicZip.dll
Native extension for WindowsStandalone target not found
Native extension for WebGL target not found
Refreshing native plugins compatible for Editor in 0.59 ms, found 3 plugins.
Preloading 0 native plugins for Editor in 0.00 ms.
Mono: successfully reloaded assembly
- Completed reload, in  1.171 seconds
Domain Reload Profiling:
	ReloadAssembly (1171ms)
		BeginReloadAssembly (130ms)
			ExecutionOrderSort (0ms)
			DisableScriptedObjects (7ms)
			BackupInstance (0ms)
			ReleaseScriptingObjects (0ms)
			CreateAndSetChildDomain (23ms)
		EndReloadAssembly (908ms)
			LoadAssemblies (91ms)
			RebuildTransferFunctionScriptingTraits (0ms)
			SetupTypeCache (309ms)
			ReleaseScriptCaches (1ms)
			RebuildScriptCaches (61ms)
			SetupLoadedEditorAssemblies (404ms)
				LogAssemblyErrors (0ms)
				InitializePlatformSupportModulesInManaged (8ms)
				SetLoadedEditorAssemblies (0ms)
				RefreshPlugins (1ms)
				BeforeProcessingInitializeOnLoad (92ms)
				ProcessInitializeOnLoadAttributes (260ms)
				ProcessInitializeOnLoadMethodAttributes (34ms)
				AfterProcessingInitializeOnLoad (9ms)
				EditorAssembliesLoaded (0ms)
			ExecutionOrderSort2 (0ms)
			AwakeInstancesAfterBackupRestoration (7ms)
Platform modules already initialized, skipping
========================================================================
Worker process is ready to serve import requests
Launched and connected shader compiler UnityShaderCompiler.exe after 0.04 seconds
Refreshing native plugins compatible for Editor in 1.20 ms, found 3 plugins.
Preloading 0 native plugins for Editor in 0.00 ms.
Unloading 3489 Unused Serialized files (Serialized files now loaded: 0)
Unloading 31 unused Assets / (55.7 KB). Loaded Objects now: 3944.
Memory consumption went from 122.2 MB to 122.1 MB.
Total: 3.666900 ms (FindLiveObjects: 0.379400 ms CreateObjectMapping: 0.374200 ms MarkObjects: 2.820500 ms  DeleteObjects: 0.091500 ms)

AssetImportParameters requested are different than current active one (requested -> active):
  custom:video-decoder-ogg-theora: a1e56fd34408186e4bbccfd4996cb3dc -> 
  custom:container-muxer-webm: aa71ff27fc2769a1b78a27578f13a17b -> 
  custom:container-demuxer-webm: 4f35f7cbe854078d1ac9338744f61a02 -> 
  custom:video-encoder-webm-vp8: eb34c28f22e8b96e1ab97ce403110664 -> 
  custom:video-codec-MediaFoundation-h265: 746d11721c4dcdbdad8f713fa42b33f4 -> 
  custom:audio-encoder-webm-vorbis: bf7c407c2cedff20999df2af8eb42d56 -> 
  custom:framework-win-MediaFoundation: 216162199b28c13a410421893ffa2e32 -> 
  custom:container-demuxer-ogg: 62fdf1f143b41e24485cea50d1cbac27 -> 
  custom:video-decoder-webm-vp8: 9c59270c3fd7afecdb556c50c9e8de78 -> 
  custom:audio-decoder-ogg-vorbis: bf7c407c2cedff20999df2af8eb42d56 -> 
========================================================================
Received Import Request.
  Time since last request: 16654.591786 seconds.
  path: Assets/Resources/Barrier.prefab
  artifactKey: Guid(505a5daa7ca9f1a489571f41fe6d6a8b) Importer(815301076,1909f56bfc062723c751e8b465ee728b)
Start importing Assets/Resources/Barrier.prefab using Guid(505a5daa7ca9f1a489571f41fe6d6a8b) Importer(815301076,1909f56bfc062723c751e8b465ee728b)  -> (artifact id: 'e818875bdb946e5f360db3d59e205207') in 0.298705 seconds 
========================================================================
Received Import Request.
  Time since last request: 0.000023 seconds.
  path: Assets/Resources/Solo_OilDrum.obj
  artifactKey: Guid(f689b7b2a6840ad48b62931a6477875d) Importer(815301076,1909f56bfc062723c751e8b465ee728b)
Start importing Assets/Resources/Solo_OilDrum.obj using Guid(f689b7b2a6840ad48b62931a6477875d) Importer(815301076,1909f56bfc062723c751e8b465ee728b)  -> (artifact id: '6d9856beb3cbde4bb2a38b926ce7ecc3') in 0.109202 seconds 
========================================================================
Received Import Request.
  Time since last request: 2571.829149 seconds.
  path: Assets/Resources/Spilt_OilDrum.obj
  artifactKey: Guid(1048ef9ea351d474d8ccea1123dc8ab5) Importer(815301076,1909f56bfc062723c751e8b465ee728b)
Start importing Assets/Resources/Spilt_OilDrum.obj using Guid(1048ef9ea351d474d8ccea1123dc8ab5) Importer(815301076,1909f56bfc062723c751e8b465ee728b)  -> (artifact id: 'f1875ba4cddd86dbb75f096f245f049f') in 0.044074 seconds 
========================================================================
Received Import Request.
  Time since last request: 12.925320 seconds.
  path: Assets/Resources/Barrier 1.prefab
  artifactKey: Guid(08d4c0e6600a9364b98328897905cb74) Importer(815301076,1909f56bfc062723c751e8b465ee728b)
Start importing Assets/Resources/Barrier 1.prefab using Guid(08d4c0e6600a9364b98328897905cb74) Importer(815301076,1909f56bfc062723c751e8b465ee728b)  -> (artifact id: '2f4851ca1eb636543c307e1e44e3ae41') in 0.017263 seconds 
========================================================================
Received Import Request.
  Time since last request: 174.080960 seconds.
  path: Assets/Resources/Barrier 1.prefab
  artifactKey: Guid(08d4c0e6600a9364b98328897905cb74) Importer(815301076,1909f56bfc062723c751e8b465ee728b)
Start importing Assets/Resources/Barrier 1.prefab using Guid(08d4c0e6600a9364b98328897905cb74) Importer(815301076,1909f56bfc062723c751e8b465ee728b)  -> (artifact id: '9a5f1b92671c04118a64944c864ec6fd') in 0.016443 seconds 
========================================================================
Received Import Request.
  Time since last request: 3.549294 seconds.
  path: Assets/Materials/Ground.mat
  artifactKey: Guid(5af56e8db00d8194fa59435b1cc84dd5) Importer(815301076,1909f56bfc062723c751e8b465ee728b)
Start importing Assets/Materials/Ground.mat using Guid(5af56e8db00d8194fa59435b1cc84dd5) Importer(815301076,1909f56bfc062723c751e8b465ee728b)  -> (artifact id: '0c110324eacd6b476b837757a1212e34') in 0.029470 seconds 
========================================================================
Received Import Request.
  Time since last request: 0.000017 seconds.
  path: Assets/Materials/Player.mat
  artifactKey: Guid(b4dc5f4fe01eca8489bfb35033a288a5) Importer(815301076,1909f56bfc062723c751e8b465ee728b)
Start importing Assets/Materials/Player.mat using Guid(b4dc5f4fe01eca8489bfb35033a288a5) Importer(815301076,1909f56bfc062723c751e8b465ee728b)  -> (artifact id: '3dfb8429ed202bbf102c0930d950be17') in 0.011681 seconds 
========================================================================
Received Import Request.
  Time since last request: 106.107545 seconds.
  path: Assets/Resources/Barrier 1.prefab
  artifactKey: Guid(08d4c0e6600a9364b98328897905cb74) Importer(815301076,1909f56bfc062723c751e8b465ee728b)
Start importing Assets/Resources/Barrier 1.prefab using Guid(08d4c0e6600a9364b98328897905cb74) Importer(815301076,1909f56bfc062723c751e8b465ee728b)  -> (artifact id: 'e33022205232e5a0154c29f7c6995bc4') in 0.017417 seconds 
AssetImportWorkerClient::OnTransportError - code=10054 error=An existing connection was forcibly closed by the remote host.
